<?xml version="1.0" encoding="UTF-8"?>
<testsuite xmlns:xsi="http://www.w3.org/2001/XMLSchema-instance" xsi:noNamespaceSchemaLocation="https://maven.apache.org/surefire/maven-surefire-plugin/xsd/surefire-test-report-3.0.xsd" version="3.0" name="runner.TestRunner" time="0.583" tests="1" errors="1" skipped="0" failures="0">
  <properties>
[...]
</properties>
  <testcase name="Search Hotels in tripAdvisor" classname="Search Hotels in tripAdvisor" time="0.299">
    <error message="The step &quot;I am at tripAdvisor Home Page&quot; is undefined. You can implement it using the snippet(s) below:&#10;&#10;@Given(&quot;I am at tripAdvisor Home Page&quot;)&#10;public void i_am_at_tripAdvisor_Home_Page() {&#10;    // Write code here that turns the phrase above into concrete actions&#10;    throw new io.cucumber.java.PendingException();&#10;}&#10;&#10;&#10;Some other steps were also undefined:&#10;&#10;@Given(&quot;I click on hotels button in homepage&quot;)&#10;public void i_click_on_hotels_button_in_homepage() {&#10;    // Write code here that turns the phrase above into concrete actions&#10;    throw new io.cucumber.java.PendingException();&#10;}&#10;@When(&quot;I click hotels button&quot;)&#10;public void i_click_hotels_button() {&#10;    // Write code here that turns the phrase above into concrete actions&#10;    throw new io.cucumber.java.PendingException();&#10;}&#10;@Then(&quot;I should be able to search hotels in California&quot;)&#10;public void i_should_be_able_to_search_hotels_in_California() {&#10;    // Write code here that turns the phrase above into concrete actions&#10;    throw new io.cucumber.java.PendingException();&#10;}&#10;" type="io.cucumber.junit.UndefinedStepException"><![CDATA[io.cucumber.junit.UndefinedStepException: 
The step "I am at tripAdvisor Home Page" is undefined. You can implement it using the snippet(s) below:

@Given("I am at tripAdvisor Home Page")
public void i_am_at_tripAdvisor_Home_Page() {
    // Write code here that turns the phrase above into concrete actions
    throw new io.cucumber.java.PendingException();
}


Some other steps were also undefined:

@Given("I click on hotels button in homepage")
public void i_click_on_hotels_button_in_homepage() {
    // Write code here that turns the phrase above into concrete actions
    throw new io.cucumber.java.PendingException();
}
@When("I click hotels button")
public void i_click_hotels_button() {
    // Write code here that turns the phrase above into concrete actions
    throw new io.cucumber.java.PendingException();
}
@Then("I should be able to search hotels in California")
public void i_should_be_able_to_search_hotels_in_California() {
    // Write code here that turns the phrase above into concrete actions
    throw new io.cucumber.java.PendingException();
}

]]></error>
    <system-out><![CDATA[
Scenario: Search Hotels in tripAdvisor                 # src/main/java/features/tripAdvisorHome.feature:4
  Given I am at tripAdvisor Home Page                  # null
  And I click on hotels button in homepage             # null
  When I click hotels button                           # null
  Then I should be able to search hotels in California # null
]]></system-out>
  </testcase>
</testsuite>